2019-08-29 14:56:07,206 INFO org.springframework.boot.StartupInfoLogger [restartedMain] Starting Application on Damians-MacBook-Pro.local with PID 82878 (/Users/damianbaar/workspaces/java/hsbc/backend/hsbc-challenge/bin/main started by damianbaar in /Users/damianbaar/workspaces/java/hsbc/backend/hsbc-challenge)
2019-08-29 14:56:07,209 INFO org.springframework.boot.SpringApplication [restartedMain] No active profile set, falling back to default profiles: default
2019-08-29 14:56:07,248 INFO org.springframework.boot.logging.DeferredLog [restartedMain] Devtools property defaults active! Set 'spring.devtools.add-properties' to 'false' to disable
2019-08-29 14:56:07,248 INFO org.springframework.boot.logging.DeferredLog [restartedMain] For additional web related logging consider setting the 'logging.level.web' property to 'DEBUG'
2019-08-29 14:56:08,787 INFO org.springframework.boot.web.embedded.tomcat.TomcatWebServer [restartedMain] Tomcat initialized with port(s): 9000 (http)
2019-08-29 14:56:08,803 INFO org.apache.juli.logging.DirectJDKLog [restartedMain] Initializing ProtocolHandler ["http-nio-9000"]
2019-08-29 14:56:08,817 INFO org.apache.juli.logging.DirectJDKLog [restartedMain] Starting service [Tomcat]
2019-08-29 14:56:08,818 INFO org.apache.juli.logging.DirectJDKLog [restartedMain] Starting Servlet engine: [Apache Tomcat/9.0.22]
2019-08-29 14:56:08,916 INFO org.apache.juli.logging.DirectJDKLog [restartedMain] Initializing Spring embedded WebApplicationContext
2019-08-29 14:56:08,917 INFO org.springframework.boot.web.servlet.context.ServletWebServerApplicationContext [restartedMain] Root WebApplicationContext: initialization completed in 1668 ms
2019-08-29 14:56:09,567 INFO com.oembedler.moon.graphql.boot.GraphQLWebAutoConfiguration [restartedMain] Building GraphQLObjectMapper including errorHandler: com.buildit.twitter.GraphQLConfigurationErrorHandling$1@729901e8
2019-08-29 14:56:09,960 INFO org.springframework.scheduling.concurrent.ExecutorConfigurationSupport [restartedMain] Initializing ExecutorService 'applicationTaskExecutor'
2019-08-29 14:56:10,281 INFO org.springframework.boot.devtools.autoconfigure.OptionalLiveReloadServer [restartedMain] LiveReload server is running on port 35729
2019-08-29 14:56:10,289 INFO org.springframework.boot.actuate.endpoint.web.EndpointLinksResolver [restartedMain] Exposing 3 endpoint(s) beneath base path '/actuator'
2019-08-29 14:56:10,341 INFO org.apache.juli.logging.DirectJDKLog [restartedMain] Starting ProtocolHandler ["http-nio-9000"]
2019-08-29 14:56:10,369 INFO org.springframework.boot.web.embedded.tomcat.TomcatWebServer [restartedMain] Tomcat started on port(s): 9000 (http) with context path ''
2019-08-29 14:56:10,373 INFO org.springframework.boot.StartupInfoLogger [restartedMain] Started Application in 3.637 seconds (JVM running for 4.15)
2019-08-29 14:56:36,853 INFO org.springframework.scheduling.concurrent.ExecutorConfigurationSupport [Thread-5] Shutting down ExecutorService 'applicationTaskExecutor'
2019-08-29 14:56:36,928 ERROR com.buildit.twitter.Application [restartedMain] dupa szatana
2019-08-29 14:56:36,969 INFO org.springframework.boot.StartupInfoLogger [restartedMain] Starting Application on Damians-MacBook-Pro.local with PID 82878 (/Users/damianbaar/workspaces/java/hsbc/backend/hsbc-challenge/bin/main started by damianbaar in /Users/damianbaar/workspaces/java/hsbc/backend/hsbc-challenge)
2019-08-29 14:56:36,970 INFO org.springframework.boot.SpringApplication [restartedMain] No active profile set, falling back to default profiles: default
2019-08-29 14:56:37,351 INFO org.springframework.boot.web.embedded.tomcat.TomcatWebServer [restartedMain] Tomcat initialized with port(s): 9000 (http)
2019-08-29 14:56:37,354 INFO org.apache.juli.logging.DirectJDKLog [restartedMain] Initializing ProtocolHandler ["http-nio-9000"]
2019-08-29 14:56:37,355 INFO org.apache.juli.logging.DirectJDKLog [restartedMain] Starting service [Tomcat]
2019-08-29 14:56:37,355 INFO org.apache.juli.logging.DirectJDKLog [restartedMain] Starting Servlet engine: [Apache Tomcat/9.0.22]
2019-08-29 14:56:37,372 INFO org.apache.juli.logging.DirectJDKLog [restartedMain] Initializing Spring embedded WebApplicationContext
2019-08-29 14:56:37,373 INFO org.springframework.boot.web.servlet.context.ServletWebServerApplicationContext [restartedMain] Root WebApplicationContext: initialization completed in 401 ms
2019-08-29 14:56:37,488 INFO com.oembedler.moon.graphql.boot.GraphQLWebAutoConfiguration [restartedMain] Building GraphQLObjectMapper including errorHandler: com.buildit.twitter.GraphQLConfigurationErrorHandling$1@208fcd1f
2019-08-29 14:56:37,601 INFO org.springframework.scheduling.concurrent.ExecutorConfigurationSupport [restartedMain] Initializing ExecutorService 'applicationTaskExecutor'
2019-08-29 14:56:37,694 INFO org.springframework.boot.devtools.autoconfigure.OptionalLiveReloadServer [restartedMain] LiveReload server is running on port 35729
2019-08-29 14:56:37,698 INFO org.springframework.boot.actuate.endpoint.web.EndpointLinksResolver [restartedMain] Exposing 3 endpoint(s) beneath base path '/actuator'
2019-08-29 14:56:37,721 INFO org.apache.juli.logging.DirectJDKLog [restartedMain] Starting ProtocolHandler ["http-nio-9000"]
2019-08-29 14:56:37,724 INFO org.springframework.boot.web.embedded.tomcat.TomcatWebServer [restartedMain] Tomcat started on port(s): 9000 (http) with context path ''
2019-08-29 14:56:37,725 INFO org.springframework.boot.StartupInfoLogger [restartedMain] Started Application in 0.789 seconds (JVM running for 31.501)
2019-08-29 14:56:37,729 INFO org.springframework.boot.devtools.autoconfigure.ConditionEvaluationDeltaLoggingListener [restartedMain] Condition evaluation unchanged
2019-08-29 14:56:51,178 INFO org.springframework.scheduling.concurrent.ExecutorConfigurationSupport [Thread-9] Shutting down ExecutorService 'applicationTaskExecutor'
2019-08-29 14:56:51,231 ERROR com.buildit.twitter.Application [restartedMain] dupa szatana
